C:\USERS\ROHIT\DESKTOP\WINDOWSPHONEFORKED\WINDOWS-HIKE-CLIENT\WINDOWSPHONERUNTIMECOMPONENT1\DEBUG\WINDOWSPHONERUNTIMECOMPONENT1.PCH
C:\USERS\ROHIT\DESKTOP\WINDOWSPHONEFORKED\WINDOWS-HIKE-CLIENT\WINDOWSPHONERUNTIMECOMPONENT1\DEBUG\PCH.OBJ
C:\USERS\ROHIT\DESKTOP\WINDOWSPHONEFORKED\WINDOWS-HIKE-CLIENT\WINDOWSPHONERUNTIMECOMPONENT1\DEBUG\VC110.PDB
C:\USERS\ROHIT\DESKTOP\WINDOWSPHONEFORKED\WINDOWS-HIKE-CLIENT\WINDOWSPHONERUNTIMECOMPONENT1\DEBUG\WINDOWSPHONERUNTIMECOMPONENT1.OBJ
C:\USERS\ROHIT\DESKTOP\WINDOWSPHONEFORKED\WINDOWS-HIKE-CLIENT\DEBUG\WINDOWSPHONERUNTIMECOMPONENT1\WINDOWSPHONERUNTIMECOMPONENT1.ILK
C:\USERS\ROHIT\DESKTOP\WINDOWSPHONEFORKED\WINDOWS-HIKE-CLIENT\DEBUG\WINDOWSPHONERUNTIMECOMPONENT1\WINDOWSPHONERUNTIMECOMPONENT1.DLL
C:\USERS\ROHIT\DESKTOP\WINDOWSPHONEFORKED\WINDOWS-HIKE-CLIENT\DEBUG\WINDOWSPHONERUNTIMECOMPONENT1\WINDOWSPHONERUNTIMECOMPONENT1.WINMD
C:\USERS\ROHIT\DESKTOP\WINDOWSPHONEFORKED\WINDOWS-HIKE-CLIENT\DEBUG\WINDOWSPHONERUNTIMECOMPONENT1\WINDOWSPHONERUNTIMECOMPONENT1.PDB
C:\Users\Rohit\Desktop\WindowsPhoneForked\windows-hike-client\Debug\WindowsPhoneRuntimeComponent1\WindowsPhoneRuntimeComponent1.lib
C:\Users\Rohit\Desktop\WindowsPhoneForked\windows-hike-client\Debug\WindowsPhoneRuntimeComponent1\WindowsPhoneRuntimeComponent1.exp
C:\Users\Rohit\Desktop\WindowsPhoneForked\windows-hike-client\WindowsPhoneRuntimeComponent1\Debug\WindowsPhoneRuntimeComponent1.vcxprojResolveAssemblyReference.cache
C:\Users\Rohit\Desktop\WindowsPhoneForked\windows-hike-client\WindowsPhoneRuntimeComponent1\Debug\pch.obj
C:\Users\Rohit\Desktop\WindowsPhoneForked\windows-hike-client\WindowsPhoneRuntimeComponent1\Debug\WindowsPhoneRuntimeComponent1.obj
C:\Users\Rohit\Desktop\WindowsPhoneForked\windows-hike-client\WindowsPhoneRuntimeComponent1\Debug\cl.command.1.tlog
C:\Users\Rohit\Desktop\WindowsPhoneForked\windows-hike-client\WindowsPhoneRuntimeComponent1\Debug\CL.read.1.tlog
C:\Users\Rohit\Desktop\WindowsPhoneForked\windows-hike-client\WindowsPhoneRuntimeComponent1\Debug\CL.write.1.tlog
C:\Users\Rohit\Desktop\WindowsPhoneForked\windows-hike-client\WindowsPhoneRuntimeComponent1\Debug\link.1124.read.1.tlog
C:\Users\Rohit\Desktop\WindowsPhoneForked\windows-hike-client\WindowsPhoneRuntimeComponent1\Debug\link.1124.write.1.tlog
C:\Users\Rohit\Desktop\WindowsPhoneForked\windows-hike-client\WindowsPhoneRuntimeComponent1\Debug\link.1544.read.1.tlog
C:\Users\Rohit\Desktop\WindowsPhoneForked\windows-hike-client\WindowsPhoneRuntimeComponent1\Debug\link.1544.write.1.tlog
C:\Users\Rohit\Desktop\WindowsPhoneForked\windows-hike-client\WindowsPhoneRuntimeComponent1\Debug\link.2120.read.1.tlog
C:\Users\Rohit\Desktop\WindowsPhoneForked\windows-hike-client\WindowsPhoneRuntimeComponent1\Debug\link.2120.write.1.tlog
C:\Users\Rohit\Desktop\WindowsPhoneForked\windows-hike-client\WindowsPhoneRuntimeComponent1\Debug\link.4488.read.1.tlog
C:\Users\Rohit\Desktop\WindowsPhoneForked\windows-hike-client\WindowsPhoneRuntimeComponent1\Debug\link.4488.write.1.tlog
C:\Users\Rohit\Desktop\WindowsPhoneForked\windows-hike-client\WindowsPhoneRuntimeComponent1\Debug\link.4916.read.1.tlog
C:\Users\Rohit\Desktop\WindowsPhoneForked\windows-hike-client\WindowsPhoneRuntimeComponent1\Debug\link.4916.write.1.tlog
C:\Users\Rohit\Desktop\WindowsPhoneForked\windows-hike-client\WindowsPhoneRuntimeComponent1\Debug\link.496.read.1.tlog
C:\Users\Rohit\Desktop\WindowsPhoneForked\windows-hike-client\WindowsPhoneRuntimeComponent1\Debug\link.496.write.1.tlog
C:\Users\Rohit\Desktop\WindowsPhoneForked\windows-hike-client\WindowsPhoneRuntimeComponent1\Debug\link.4968.read.1.tlog
C:\Users\Rohit\Desktop\WindowsPhoneForked\windows-hike-client\WindowsPhoneRuntimeComponent1\Debug\link.4968.write.1.tlog
C:\Users\Rohit\Desktop\WindowsPhoneForked\windows-hike-client\WindowsPhoneRuntimeComponent1\Debug\link.5452.read.1.tlog
C:\Users\Rohit\Desktop\WindowsPhoneForked\windows-hike-client\WindowsPhoneRuntimeComponent1\Debug\link.5452.write.1.tlog
C:\Users\Rohit\Desktop\WindowsPhoneForked\windows-hike-client\WindowsPhoneRuntimeComponent1\Debug\link.5864.read.1.tlog
C:\Users\Rohit\Desktop\WindowsPhoneForked\windows-hike-client\WindowsPhoneRuntimeComponent1\Debug\link.5864.write.1.tlog
C:\Users\Rohit\Desktop\WindowsPhoneForked\windows-hike-client\WindowsPhoneRuntimeComponent1\Debug\link.6280.read.1.tlog
C:\Users\Rohit\Desktop\WindowsPhoneForked\windows-hike-client\WindowsPhoneRuntimeComponent1\Debug\link.6280.write.1.tlog
C:\Users\Rohit\Desktop\WindowsPhoneForked\windows-hike-client\WindowsPhoneRuntimeComponent1\Debug\link.6400.read.1.tlog
C:\Users\Rohit\Desktop\WindowsPhoneForked\windows-hike-client\WindowsPhoneRuntimeComponent1\Debug\link.6400.write.1.tlog
C:\Users\Rohit\Desktop\WindowsPhoneForked\windows-hike-client\WindowsPhoneRuntimeComponent1\Debug\link.6408.read.1.tlog
C:\Users\Rohit\Desktop\WindowsPhoneForked\windows-hike-client\WindowsPhoneRuntimeComponent1\Debug\link.6408.write.1.tlog
C:\Users\Rohit\Desktop\WindowsPhoneForked\windows-hike-client\WindowsPhoneRuntimeComponent1\Debug\link.6440.read.1.tlog
C:\Users\Rohit\Desktop\WindowsPhoneForked\windows-hike-client\WindowsPhoneRuntimeComponent1\Debug\link.6440.write.1.tlog
C:\Users\Rohit\Desktop\WindowsPhoneForked\windows-hike-client\WindowsPhoneRuntimeComponent1\Debug\link.6812.read.1.tlog
C:\Users\Rohit\Desktop\WindowsPhoneForked\windows-hike-client\WindowsPhoneRuntimeComponent1\Debug\link.6812.write.1.tlog
C:\Users\Rohit\Desktop\WindowsPhoneForked\windows-hike-client\WindowsPhoneRuntimeComponent1\Debug\link.760.read.1.tlog
C:\Users\Rohit\Desktop\WindowsPhoneForked\windows-hike-client\WindowsPhoneRuntimeComponent1\Debug\link.760.write.1.tlog
C:\Users\Rohit\Desktop\WindowsPhoneForked\windows-hike-client\WindowsPhoneRuntimeComponent1\Debug\link.7684.read.1.tlog
C:\Users\Rohit\Desktop\WindowsPhoneForked\windows-hike-client\WindowsPhoneRuntimeComponent1\Debug\link.7684.write.1.tlog
C:\Users\Rohit\Desktop\WindowsPhoneForked\windows-hike-client\WindowsPhoneRuntimeComponent1\Debug\link.7788.read.1.tlog
C:\Users\Rohit\Desktop\WindowsPhoneForked\windows-hike-client\WindowsPhoneRuntimeComponent1\Debug\link.7788.write.1.tlog
C:\Users\Rohit\Desktop\WindowsPhoneForked\windows-hike-client\WindowsPhoneRuntimeComponent1\Debug\link.7848.read.1.tlog
C:\Users\Rohit\Desktop\WindowsPhoneForked\windows-hike-client\WindowsPhoneRuntimeComponent1\Debug\link.7848.write.1.tlog
C:\Users\Rohit\Desktop\WindowsPhoneForked\windows-hike-client\WindowsPhoneRuntimeComponent1\Debug\link.command.1.tlog
C:\Users\Rohit\Desktop\WindowsPhoneForked\windows-hike-client\WindowsPhoneRuntimeComponent1\Debug\link.read.1.tlog
C:\Users\Rohit\Desktop\WindowsPhoneForked\windows-hike-client\WindowsPhoneRuntimeComponent1\Debug\link.write.1.tlog
C:\Users\Rohit\Desktop\WindowsPhoneForked\windows-hike-client\WindowsPhoneRuntimeComponent1\Debug\WindowsPhoneRuntimeComponent1.write.1.tlog
C:\Users\Rohit\Desktop\WindowsPhoneForked\windows-hike-client\WindowsPhoneRuntimeComponent1\Debug\WindowsPhoneRuntimeComponent1.pch
C:\Users\Rohit\Desktop\WindowsPhoneForked\windows-hike-client\WindowsPhoneRuntimeComponent1\Debug\vc110.idb
C:\Users\Rohit\Desktop\WindowsPhoneForked\windows-hike-client\WindowsPhoneRuntimeComponent1\Debug\vc110.pdb
C:\Users\Rohit\Desktop\WindowsPhoneForked\windows-hike-client\Debug\WindowsPhoneRuntimeComponent1\WindowsPhoneRuntimeComponent1.pdb
C:\Users\Rohit\Desktop\WindowsPhoneForked\windows-hike-client\Debug\WindowsPhoneRuntimeComponent1\WindowsPhoneRuntimeComponent1.dll
C:\Users\Rohit\Desktop\WindowsPhoneForked\windows-hike-client\Debug\WindowsPhoneRuntimeComponent1\WindowsPhoneRuntimeComponent1.ilk
