C:\USERS\ABHISHEK\DESKTOP\VIDEO-SHARE\WINDOWS-HIKE-CLIENT\WINDOWSPHONERUNTIMECOMPONENT1\ARM\DEBUG\WINDOWSPHONERUNTIMECOMPONENT1.OBJ
C:\USERS\ABHISHEK\DESKTOP\VIDEO-SHARE\WINDOWS-HIKE-CLIENT\WINDOWSPHONERUNTIMECOMPONENT1\ARM\DEBUG\VC110.PDB
C:\USERS\ABHISHEK\DESKTOP\VIDEO-SHARE\WINDOWS-HIKE-CLIENT\WINDOWSPHONERUNTIMECOMPONENT1\ARM\DEBUG\RPALAPICOMPONENT.PCH
C:\USERS\ABHISHEK\DESKTOP\VIDEO-SHARE\WINDOWS-HIKE-CLIENT\WINDOWSPHONERUNTIMECOMPONENT1\ARM\DEBUG\PCH.OBJ
C:\USERS\ABHISHEK\DESKTOP\VIDEO-SHARE\WINDOWS-HIKE-CLIENT\WINDOWSPHONERUNTIMECOMPONENT1\ARM\DEBUG\RPALAPICOMPONENT.OBJ
C:\USERS\ABHISHEK\DESKTOP\VIDEO-SHARE\WINDOWS-HIKE-CLIENT\ARM\DEBUG\WINDOWSPHONERUNTIMECOMPONENT1\RPALAPICOMPONENT.ILK
C:\USERS\ABHISHEK\DESKTOP\VIDEO-SHARE\WINDOWS-HIKE-CLIENT\ARM\DEBUG\WINDOWSPHONERUNTIMECOMPONENT1\RPALAPICOMPONENT.DLL
C:\USERS\ABHISHEK\DESKTOP\VIDEO-SHARE\WINDOWS-HIKE-CLIENT\ARM\DEBUG\WINDOWSPHONERUNTIMECOMPONENT1\WINDOWSPHONERUNTIMECOMPONENT1.WINMD
C:\USERS\ABHISHEK\DESKTOP\VIDEO-SHARE\WINDOWS-HIKE-CLIENT\ARM\DEBUG\WINDOWSPHONERUNTIMECOMPONENT1\RPALAPICOMPONENT.PDB
C:\Users\Abhishek\Desktop\video-share\windows-hike-client\ARM\Debug\WindowsPhoneRuntimeComponent1\RPALApiComponent.lib
C:\Users\Abhishek\Desktop\video-share\windows-hike-client\ARM\Debug\WindowsPhoneRuntimeComponent1\RPALApiComponent.exp
䍞尺獕牥屳扁楨桳步䑜獥瑫灯癜摩潥猭慨敲睜湩潤獷栭歩ⵥ汣敩瑮坜湩潤獷桐湯剥湵楴敭潃灭湯湥ㅴ坜湩潤獷桐湯剥湵楴敭潃灭湯湥ㅴ瘮硣牰橯਍㩃啜敳獲䅜桢獩敨屫敄歳潴屰楶敤ⵯ桳牡履楷摮睯⵳楨敫挭楬湥屴剁屍敄畢屧楗摮睯偳潨敮畒瑮浩䍥浯潰敮瑮就楗摮睯偳潨敮畒瑮浩䍥浯潰敮瑮⸱楬ൢ䌊尺獕牥屳扁楨桳步䑜獥瑫灯癜摩潥猭慨敲睜湩潤獷栭歩ⵥ汣敩瑮䅜䵒䑜扥杵坜湩潤獷桐湯剥湵楴敭潃灭湯湥ㅴ坜湩潤獷桐湯剥湵楴敭潃灭湯湥ㅴ攮灸਍䍞尺獕牥屳扁楨桳步䑜獥瑫灯癜摩潥猭慨敲睜湩潤獷栭歩ⵥ汣敩瑮坜湩潤獷桐湯剥湵楴敭潃灭湯湥ㅴ坜湩潤獷桐湯剥湵楴敭潃灭湯湥ㅴ瘮硣牰橯਍㩃啜敳獲䅜桢獩敨屫敄歳潴屰楶敤ⵯ桳牡履楷摮睯⵳楨敫挭楬湥屴剁屍敄畢屧楗摮睯偳潨敮畒瑮浩䍥浯潰敮瑮就楗摮睯偳潨敮畒瑮浩䍥浯潰敮瑮⸱楬ൢ䌊尺獕牥屳扁楨桳步䑜獥瑫灯癜摩潥猭慨敲睜湩潤獷栭歩ⵥ汣敩瑮䅜䵒䑜扥杵坜湩潤獷桐湯剥湵楴敭潃灭湯湥ㅴ坜湩潤獷桐湯剥湵楴敭潃灭湯湥ㅴ攮灸਍䍞尺獕牥屳扁楨桳步䑜獥瑫灯癜摩潥猭慨敲睜湩潤獷栭歩ⵥ汣敩瑮坜湩潤獷桐湯剥湵楴敭潃灭湯湥ㅴ坜湩潤獷桐湯剥湵楴敭潃灭湯湥ㅴ瘮硣牰橯਍㩃啜敳獲䅜桢獩敨屫敄歳潴屰楶敤ⵯ桳牡履楷摮睯⵳楨敫挭楬湥屴剁屍敄畢屧楗摮睯偳潨敮畒瑮浩䍥浯潰敮瑮就楗摮睯偳潨敮畒瑮浩䍥浯潰敮瑮⸱楬ൢ䌊尺獕牥屳扁楨桳步䑜獥瑫灯癜摩潥猭慨敲睜湩潤獷栭歩ⵥ汣敩瑮䅜䵒䑜扥杵坜湩潤獷桐湯剥湵楴敭潃灭湯湥ㅴ坜湩潤獷桐湯剥湵楴敭潃灭湯湥ㅴ攮灸਍䍞尺獕牥屳扁楨桳步䑜獥瑫灯癜摩潥猭慨敲睜湩潤獷栭歩ⵥ汣敩瑮坜湩潤獷桐湯剥湵楴敭潃灭湯湥ㅴ坜湩潤獷桐湯剥湵楴敭潃灭湯湥ㅴ瘮硣牰橯਍㩃啜敳獲䅜桢獩敨屫敄歳潴屰楶敤ⵯ桳牡履楷摮睯⵳楨敫挭楬湥屴剁屍敄畢屧楗摮睯偳潨敮畒瑮浩䍥浯潰敮瑮就楗摮睯偳潨敮畒瑮浩䍥浯潰敮瑮⸱楬ൢ䌊尺獕牥屳扁楨桳步䑜獥瑫灯癜摩潥猭慨敲睜湩潤獷栭歩ⵥ汣敩瑮䅜䵒䑜扥杵坜湩潤獷桐湯剥湵楴敭潃灭湯湥ㅴ坜湩潤獷桐湯剥湵楴敭潃灭湯湥ㅴ攮灸਍䍞尺獕牥屳扁楨桳步䑜獥瑫灯癜摩潥猭慨敲睜湩潤獷栭歩ⵥ汣敩瑮坜湩潤獷桐湯剥湵楴敭潃灭湯湥ㅴ坜湩潤獷桐湯剥湵楴敭潃灭湯湥ㅴ瘮硣牰橯਍㩃啜敳獲䅜桢獩敨屫敄歳潴屰楶敤ⵯ桳牡履楷摮睯⵳楨敫挭楬湥屴剁屍敄畢屧楗摮睯偳潨敮畒瑮浩䍥浯潰敮瑮就楗摮睯偳潨敮畒瑮浩䍥浯潰敮瑮⸱楬ൢ䌊尺獕牥屳扁楨桳步䑜獥瑫灯癜摩潥猭慨敲睜湩潤獷栭歩ⵥ汣敩瑮䅜䵒䑜扥杵坜湩潤獷桐湯剥湵楴敭潃灭湯湥ㅴ坜湩潤獷桐湯剥湵楴敭潃灭湯湥ㅴ攮灸਍䍞尺獕牥屳扁楨桳步䑜獥瑫灯癜摩潥猭慨敲睜湩潤獷栭歩ⵥ汣敩瑮坜湩潤獷桐湯剥湵楴敭潃灭湯湥ㅴ坜湩潤獷桐湯剥湵楴敭潃灭湯湥ㅴ瘮硣牰橯਍㩃啜敳獲䅜桢獩敨屫敄歳潴屰楶敤ⵯ桳牡履楷摮睯⵳楨敫挭楬湥屴剁屍敄畢屧楗摮睯偳潨敮畒瑮浩䍥浯潰敮瑮就楗摮睯偳潨敮畒瑮浩䍥浯潰敮瑮⸱楬ൢ䌊尺獕牥屳扁楨桳步䑜獥瑫灯癜摩潥猭慨敲睜湩潤獷栭歩ⵥ汣敩瑮䅜䵒䑜扥杵坜湩潤獷桐湯剥湵楴敭潃灭湯湥ㅴ坜湩潤獷桐湯剥湵楴敭潃灭湯湥ㅴ攮灸਍䍞尺獕牥屳扁楨桳步䑜獥瑫灯癜摩潥猭慨敲睜湩潤獷栭歩ⵥ汣敩瑮坜湩潤獷桐湯剥湵楴敭潃灭湯湥ㅴ坜湩潤獷桐湯剥湵楴敭潃灭湯湥ㅴ瘮硣牰橯਍㩃啜敳獲䅜桢獩敨屫敄歳潴屰楶敤ⵯ桳牡履楷摮睯⵳楨敫挭楬湥屴剁屍敄畢屧楗摮睯偳潨敮畒瑮浩䍥浯潰敮瑮就楗摮睯偳潨敮畒瑮浩䍥浯潰敮瑮⸱楬ൢ䌊尺獕牥屳扁楨桳步䑜獥瑫灯癜摩潥猭慨敲睜湩潤獷栭歩ⵥ汣敩瑮䅜䵒䑜扥杵坜湩潤獷桐湯剥湵楴敭潃灭湯湥ㅴ坜湩潤獷桐湯剥湵楴敭潃灭湯湥ㅴ攮灸਍䍞尺獕牥屳扁楨桳步䑜獥瑫灯癜摩潥猭慨敲睜湩潤獷栭歩ⵥ汣敩瑮坜湩潤獷桐湯剥湵楴敭潃灭湯湥ㅴ坜湩潤獷桐湯剥湵楴敭潃灭湯湥ㅴ瘮硣牰橯਍㩃啜敳獲䅜桢獩敨屫敄歳潴屰楶敤ⵯ桳牡履楷摮睯⵳楨敫挭楬湥屴剁屍敄畢屧楗摮睯偳潨敮畒瑮浩䍥浯潰敮瑮就楗摮睯偳潨敮畒瑮浩䍥浯潰敮瑮⸱楬ൢ䌊尺獕牥屳扁楨桳步䑜獥瑫灯癜摩潥猭慨敲睜湩潤獷栭歩ⵥ汣敩瑮䅜䵒䑜扥杵坜湩潤獷桐湯剥湵楴敭潃灭湯湥ㅴ坜湩潤獷桐湯剥湵楴敭潃灭湯湥ㅴ攮灸਍䍞尺獕牥屳扁楨桳步䑜獥瑫灯癜摩潥猭慨敲睜湩潤獷栭歩ⵥ汣敩瑮坜湩潤獷桐湯剥湵楴敭潃灭湯湥ㅴ坜湩潤獷桐湯剥湵楴敭潃灭湯湥ㅴ瘮硣牰橯਍㩃啜敳獲䅜桢獩敨屫敄歳潴屰楶敤ⵯ桳牡履楷摮睯⵳楨敫挭楬湥屴剁屍敄畢屧楗摮睯偳潨敮畒瑮浩䍥浯潰敮瑮就楗摮睯偳潨敮畒瑮浩䍥浯潰敮瑮⸱楬ൢ䌊尺獕牥屳扁楨桳步䑜獥瑫灯癜摩潥猭慨敲睜湩潤獷栭歩ⵥ汣敩瑮䅜䵒䑜扥杵坜湩潤獷桐湯剥湵楴敭潃灭湯湥ㅴ坜湩潤獷桐湯剥湵楴敭潃灭湯湥ㅴ攮灸਍
C:\Users\Abhishek\Desktop\video-share\windows-hike-client\WindowsPhoneRuntimeComponent1\ARM\Debug\WindowsPhoneRuntimeComponent1.vcxprojResolveAssemblyReference.cache
C:\Users\Abhishek\Desktop\video-share\windows-hike-client\WindowsPhoneRuntimeComponent1\ARM\Debug\pch.obj
C:\Users\Abhishek\Desktop\video-share\windows-hike-client\WindowsPhoneRuntimeComponent1\ARM\Debug\RPALApiComponent.obj
C:\Users\Abhishek\Desktop\video-share\windows-hike-client\WindowsPhoneRuntimeComponent1\ARM\Debug\WindowsPhoneRuntimeComponent1.obj
C:\Users\Abhishek\Desktop\video-share\windows-hike-client\WindowsPhoneRuntimeComponent1\ARM\Debug\cl.command.1.tlog
C:\Users\Abhishek\Desktop\video-share\windows-hike-client\WindowsPhoneRuntimeComponent1\ARM\Debug\CL.read.1.tlog
C:\Users\Abhishek\Desktop\video-share\windows-hike-client\WindowsPhoneRuntimeComponent1\ARM\Debug\CL.write.1.tlog
C:\Users\Abhishek\Desktop\video-share\windows-hike-client\WindowsPhoneRuntimeComponent1\ARM\Debug\link.2436.read.1.tlog
C:\Users\Abhishek\Desktop\video-share\windows-hike-client\WindowsPhoneRuntimeComponent1\ARM\Debug\link.2436.write.1.tlog
C:\Users\Abhishek\Desktop\video-share\windows-hike-client\WindowsPhoneRuntimeComponent1\ARM\Debug\link.2676.read.1.tlog
C:\Users\Abhishek\Desktop\video-share\windows-hike-client\WindowsPhoneRuntimeComponent1\ARM\Debug\link.2676.write.1.tlog
C:\Users\Abhishek\Desktop\video-share\windows-hike-client\WindowsPhoneRuntimeComponent1\ARM\Debug\link.292.read.1.tlog
C:\Users\Abhishek\Desktop\video-share\windows-hike-client\WindowsPhoneRuntimeComponent1\ARM\Debug\link.292.write.1.tlog
C:\Users\Abhishek\Desktop\video-share\windows-hike-client\WindowsPhoneRuntimeComponent1\ARM\Debug\link.3124.read.1.tlog
C:\Users\Abhishek\Desktop\video-share\windows-hike-client\WindowsPhoneRuntimeComponent1\ARM\Debug\link.3124.write.1.tlog
C:\Users\Abhishek\Desktop\video-share\windows-hike-client\WindowsPhoneRuntimeComponent1\ARM\Debug\link.3364.read.1.tlog
C:\Users\Abhishek\Desktop\video-share\windows-hike-client\WindowsPhoneRuntimeComponent1\ARM\Debug\link.3364.write.1.tlog
C:\Users\Abhishek\Desktop\video-share\windows-hike-client\WindowsPhoneRuntimeComponent1\ARM\Debug\link.3456.read.1.tlog
C:\Users\Abhishek\Desktop\video-share\windows-hike-client\WindowsPhoneRuntimeComponent1\ARM\Debug\link.3456.write.1.tlog
C:\Users\Abhishek\Desktop\video-share\windows-hike-client\WindowsPhoneRuntimeComponent1\ARM\Debug\link.3580.read.1.tlog
C:\Users\Abhishek\Desktop\video-share\windows-hike-client\WindowsPhoneRuntimeComponent1\ARM\Debug\link.3580.write.1.tlog
C:\Users\Abhishek\Desktop\video-share\windows-hike-client\WindowsPhoneRuntimeComponent1\ARM\Debug\link.3756.read.1.tlog
C:\Users\Abhishek\Desktop\video-share\windows-hike-client\WindowsPhoneRuntimeComponent1\ARM\Debug\link.3756.write.1.tlog
C:\Users\Abhishek\Desktop\video-share\windows-hike-client\WindowsPhoneRuntimeComponent1\ARM\Debug\link.3920.read.1.tlog
C:\Users\Abhishek\Desktop\video-share\windows-hike-client\WindowsPhoneRuntimeComponent1\ARM\Debug\link.3920.write.1.tlog
C:\Users\Abhishek\Desktop\video-share\windows-hike-client\WindowsPhoneRuntimeComponent1\ARM\Debug\link.3984.read.1.tlog
C:\Users\Abhishek\Desktop\video-share\windows-hike-client\WindowsPhoneRuntimeComponent1\ARM\Debug\link.3984.write.1.tlog
C:\Users\Abhishek\Desktop\video-share\windows-hike-client\WindowsPhoneRuntimeComponent1\ARM\Debug\link.4252.read.1.tlog
C:\Users\Abhishek\Desktop\video-share\windows-hike-client\WindowsPhoneRuntimeComponent1\ARM\Debug\link.4252.write.1.tlog
C:\Users\Abhishek\Desktop\video-share\windows-hike-client\WindowsPhoneRuntimeComponent1\ARM\Debug\link.4284.read.1.tlog
C:\Users\Abhishek\Desktop\video-share\windows-hike-client\WindowsPhoneRuntimeComponent1\ARM\Debug\link.4284.write.1.tlog
C:\Users\Abhishek\Desktop\video-share\windows-hike-client\WindowsPhoneRuntimeComponent1\ARM\Debug\link.6092.read.1.tlog
C:\Users\Abhishek\Desktop\video-share\windows-hike-client\WindowsPhoneRuntimeComponent1\ARM\Debug\link.6092.write.1.tlog
C:\Users\Abhishek\Desktop\video-share\windows-hike-client\WindowsPhoneRuntimeComponent1\ARM\Debug\link.6336.read.1.tlog
C:\Users\Abhishek\Desktop\video-share\windows-hike-client\WindowsPhoneRuntimeComponent1\ARM\Debug\link.6336.write.1.tlog
C:\Users\Abhishek\Desktop\video-share\windows-hike-client\WindowsPhoneRuntimeComponent1\ARM\Debug\link.7344.read.1.tlog
C:\Users\Abhishek\Desktop\video-share\windows-hike-client\WindowsPhoneRuntimeComponent1\ARM\Debug\link.7344.write.1.tlog
C:\Users\Abhishek\Desktop\video-share\windows-hike-client\WindowsPhoneRuntimeComponent1\ARM\Debug\link.7728.read.1.tlog
C:\Users\Abhishek\Desktop\video-share\windows-hike-client\WindowsPhoneRuntimeComponent1\ARM\Debug\link.7728.write.1.tlog
C:\Users\Abhishek\Desktop\video-share\windows-hike-client\WindowsPhoneRuntimeComponent1\ARM\Debug\link.8452.read.1.tlog
C:\Users\Abhishek\Desktop\video-share\windows-hike-client\WindowsPhoneRuntimeComponent1\ARM\Debug\link.8452.write.1.tlog
C:\Users\Abhishek\Desktop\video-share\windows-hike-client\WindowsPhoneRuntimeComponent1\ARM\Debug\link.command.1.tlog
C:\Users\Abhishek\Desktop\video-share\windows-hike-client\WindowsPhoneRuntimeComponent1\ARM\Debug\link.read.1.tlog
C:\Users\Abhishek\Desktop\video-share\windows-hike-client\WindowsPhoneRuntimeComponent1\ARM\Debug\link.write.1.tlog
C:\Users\Abhishek\Desktop\video-share\windows-hike-client\WindowsPhoneRuntimeComponent1\ARM\Debug\RPALApiComponent.write.1.tlog
C:\Users\Abhishek\Desktop\video-share\windows-hike-client\WindowsPhoneRuntimeComponent1\ARM\Debug\WindowsPhoneRuntimeComponent1.write.1.tlog
C:\Users\Abhishek\Desktop\video-share\windows-hike-client\WindowsPhoneRuntimeComponent1\ARM\Debug\RPALApiComponent.pch
C:\Users\Abhishek\Desktop\video-share\windows-hike-client\WindowsPhoneRuntimeComponent1\ARM\Debug\WindowsPhoneRuntimeComponent1.pch
C:\Users\Abhishek\Desktop\video-share\windows-hike-client\WindowsPhoneRuntimeComponent1\ARM\Debug\vc110.pdb
C:\Users\Abhishek\Desktop\video-share\windows-hike-client\ARM\Debug\WindowsPhoneRuntimeComponent1\RPALApiComponent.pdb
C:\Users\Abhishek\Desktop\video-share\windows-hike-client\ARM\Debug\WindowsPhoneRuntimeComponent1\RPALApiComponent.dll
C:\Users\Abhishek\Desktop\video-share\windows-hike-client\ARM\Debug\WindowsPhoneRuntimeComponent1\RPALApiComponent.ilk
